[ 2014-08-16 16:07:50.5534 25901/0x7fff78ae2300 agents/Watchdog/Main.cpp:538 ]: Options: { 'analytics_log_user' => 'tommydangerous', 'cleanup_pidfiles' => 'L3Zhci9mb2xkZXJzL21jL3J2Z3Rrc25uNzZxNTVibHZ0Ynl2eDk4MDAwMDBnbi9UL3Bhc3Nlbmdlci1zdGFuZGFsb25lLjFjaWo0OTYvdGVtcF9kaXJfdG91Y2hlci5waWQ=', 'default_group' => 'staff', 'default_python' => 'python', 'default_ruby' => '/Users/tommydangerous/.rvm/gems/ruby-2.1.2/wrappers/ruby', 'default_user' => 'tommydangerous', 'log_level' => '0', 'max_pool_size' => '6', 'passenger_root' => '/var/folders/mc/rvgtksnn76q55blvtbyvx9800000gn/T/passenger-standalone.1cij496/locations.ini', 'passenger_version' => '4.0.48', 'pool_idle_time' => '300', 'prestart_urls' => 'aHR0cDovLzAuMC4wLjA6MzAwMAA=', 'temp_dir' => '/tmp', 'union_station_gateway_address' => 'gateway.unionstationapp.com', 'union_station_gateway_port' => '443', 'user_switching' => 'false', 'web_server_passenger_version' => '4.0.48', 'web_server_pid' => '25899', 'web_server_type' => 'nginx', 'web_server_worker_gid' => '-1', 'web_server_worker_uid' => '-1' }
[ 2014-08-16 16:07:50.5997 25903/0x7fff78ae2300 agents/HelperAgent/Main.cpp:649 ]: PassengerHelperAgent online, listening at unix:/tmp/passenger.1.0.25899/generation-0/request
[ 2014-08-16 16:07:50.6223 25905/0x7fff78ae2300 agents/LoggingAgent/Main.cpp:321 ]: PassengerLoggingAgent online, listening at unix:/tmp/passenger.1.0.25899/generation-0/logging
[ 2014-08-16 16:07:50.6226 25901/0x7fff78ae2300 agents/Watchdog/Main.cpp:728 ]: All Phusion Passenger agents started!
App 25922 stdout: 
[ 2014-08-16 16:07:55.5961 25903/0x10c039000 Pool2/SmartSpawner.h:298 ]: Preloader for /Users/tommydangerous/Dropbox/rails_projects/tommydangerous started on PID 25922, listening on unix:/tmp/passenger.1.0.25899/generation-0/backends/preloader.25922
App 25936 stdout: 
App 25978 stdout: 
App 25981 stdout: 
App 25984 stdout: 
[ 2014-08-16 21:34:19.6648 53354/0x7fff78ae2300 agents/Watchdog/Main.cpp:538 ]: Options: { 'analytics_log_user' => 'tommydangerous', 'cleanup_pidfiles' => 'L3Zhci9mb2xkZXJzL21jL3J2Z3Rrc25uNzZxNTVibHZ0Ynl2eDk4MDAwMDBnbi9UL3Bhc3Nlbmdlci1zdGFuZGFsb25lLmRnN3kwYS90ZW1wX2Rpcl90b3VjaGVyLnBpZA==', 'default_group' => 'staff', 'default_python' => 'python', 'default_ruby' => '/Users/tommydangerous/.rvm/gems/ruby-2.1.2/wrappers/ruby', 'default_user' => 'tommydangerous', 'log_level' => '0', 'max_pool_size' => '6', 'passenger_root' => '/var/folders/mc/rvgtksnn76q55blvtbyvx9800000gn/T/passenger-standalone.dg7y0a/locations.ini', 'passenger_version' => '4.0.48', 'pool_idle_time' => '300', 'prestart_urls' => 'aHR0cDovLzAuMC4wLjA6MzAwMAA=', 'temp_dir' => '/tmp', 'union_station_gateway_address' => 'gateway.unionstationapp.com', 'union_station_gateway_port' => '443', 'user_switching' => 'false', 'web_server_passenger_version' => '4.0.48', 'web_server_pid' => '53352', 'web_server_type' => 'nginx', 'web_server_worker_gid' => '-1', 'web_server_worker_uid' => '-1' }
[ 2014-08-16 21:34:19.7081 53356/0x7fff78ae2300 agents/HelperAgent/Main.cpp:649 ]: PassengerHelperAgent online, listening at unix:/tmp/passenger.1.0.53352/generation-0/request
[ 2014-08-16 21:34:19.7335 53358/0x7fff78ae2300 agents/LoggingAgent/Main.cpp:321 ]: PassengerLoggingAgent online, listening at unix:/tmp/passenger.1.0.53352/generation-0/logging
[ 2014-08-16 21:34:19.7338 53354/0x7fff78ae2300 agents/Watchdog/Main.cpp:728 ]: All Phusion Passenger agents started!
App 53375 stdout: 
[ 2014-08-16 21:34:24.0389 53356/0x106fc8000 Pool2/SmartSpawner.h:298 ]: Preloader for /Users/tommydangerous/Dropbox/rails_projects/tommydangerous started on PID 53375, listening on unix:/tmp/passenger.1.0.53352/generation-0/backends/preloader.53375
App 53388 stdout: 
App 53396 stdout: 
App 53402 stdout: 
App 53445 stdout: 
[ 2014-08-17 09:29:04.7187 65821/0x7fff78ae2300 agents/Watchdog/Main.cpp:538 ]: Options: { 'analytics_log_user' => 'tommydangerous', 'cleanup_pidfiles' => 'L3Zhci9mb2xkZXJzL21jL3J2Z3Rrc25uNzZxNTVibHZ0Ynl2eDk4MDAwMDBnbi9UL3Bhc3Nlbmdlci1zdGFuZGFsb25lLjFhdnozbjcvdGVtcF9kaXJfdG91Y2hlci5waWQ=', 'default_group' => 'staff', 'default_python' => 'python', 'default_ruby' => '/Users/tommydangerous/.rvm/gems/ruby-2.1.2/wrappers/ruby', 'default_user' => 'tommydangerous', 'log_level' => '0', 'max_pool_size' => '6', 'passenger_root' => '/var/folders/mc/rvgtksnn76q55blvtbyvx9800000gn/T/passenger-standalone.1avz3n7/locations.ini', 'passenger_version' => '4.0.48', 'pool_idle_time' => '300', 'prestart_urls' => 'aHR0cDovLzAuMC4wLjA6MzAwMAA=', 'temp_dir' => '/tmp', 'union_station_gateway_address' => 'gateway.unionstationapp.com', 'union_station_gateway_port' => '443', 'user_switching' => 'false', 'web_server_passenger_version' => '4.0.48', 'web_server_pid' => '65820', 'web_server_type' => 'nginx', 'web_server_worker_gid' => '-1', 'web_server_worker_uid' => '-1' }
[ 2014-08-17 09:29:04.7450 65823/0x7fff78ae2300 agents/HelperAgent/Main.cpp:649 ]: PassengerHelperAgent online, listening at unix:/tmp/passenger.1.0.65820/generation-0/request
[ 2014-08-17 09:29:04.7561 65826/0x7fff78ae2300 agents/LoggingAgent/Main.cpp:321 ]: PassengerLoggingAgent online, listening at unix:/tmp/passenger.1.0.65820/generation-0/logging
[ 2014-08-17 09:29:04.7563 65821/0x7fff78ae2300 agents/Watchdog/Main.cpp:728 ]: All Phusion Passenger agents started!
App 65846 stdout: 
[ 2014-08-17 09:29:08.8461 65823/0x1076f4000 Pool2/SmartSpawner.h:298 ]: Preloader for /Users/tommydangerous/Dropbox/rails_projects/tommydangerous started on PID 65846, listening on unix:/tmp/passenger.1.0.65820/generation-0/backends/preloader.65846
App 65864 stdout: 
App 65868 stdout: 
App 65874 stdout: 
